Clone found (markdown)
 - <repository>\10_学习模块\M04_Agent工作流\M04_Agent工作流_适配教材.md:markdown [45:38 - 54:19] (10 lines, 237 tokens)
   <repository>\10_学习模块\M04_Agent工作流\M04_Agent工作流_适配教材.md:markdown [168:84 - 181:3]
Clone found (markdown)
 - <repository>\10_学习模块\M04_Agent工作流\M04_Agent工作流_适配教材.md:markdown [45:38 - 77:39] (33 lines, 1265 tokens)
   <repository>\10_学习模块\M04_Agent工作流\M04_Agent工作流_适配教材.md:markdown [254:89 - 297:4]
Clone found (markdown)
 - <repository>\10_学习模块\M04_Agent工作流\M04_Agent工作流_适配教材.md:markdown [45:38 - 54:47] (10 lines, 265 tokens)
   <repository>\10_学习模块\M04_Agent工作流\M04_Agent工作流_适配教材.md:markdown [317:54 - 328:4]
Clone found (markdown)
 - <repository>\10_学习模块\M04_Agent工作流\M04_Agent工作流_适配教材.md:markdown [45:38 - 54:48] (10 lines, 266 tokens)
   <repository>\10_学习模块\M04_Agent工作流\M04_Agent工作流_适配教材.md:markdown [1275:85 - 1284:4]
Clone found (markdown)
 - <repository>\10_学习模块\M04_Agent工作流\M04_Agent工作流_适配教材.md:markdown [45:38 - 60:23] (16 lines, 436 tokens)
   <repository>\10_学习模块\M04_Agent工作流\M04_Agent工作流_适配教材.md:markdown [1358:36 - 1371:4]
Clone found (markdown)
 - <repository>\10_学习模块\M04_Agent工作流\M04_Agent工作流_适配教材.md:markdown [45:38 - 53:4] (9 lines, 215 tokens)
   <repository>\10_学习模块\M04_Agent工作流\M04_Agent工作流_适配教材.md:markdown [1441:153 - 1453:4]
Clone found (markdown)
 - <repository>\10_学习模块\M04_Agent工作流\M04_Agent工作流_适配教材.md:markdown [45:38 - 60:70] (16 lines, 483 tokens)
   <repository>\10_学习模块\M04_Agent工作流\M04_Agent工作流_适配教材.md:markdown [1604:34 - 1625:4]
Clone found (markdown)
 - <repository>\10_学习模块\M04_Agent工作流\M04_Agent工作流_适配教材.md:markdown [45:38 - 55:44] (11 lines, 326 tokens)
   <repository>\10_学习模块\M04_Agent工作流\M04_Agent工作流_适配教材.md:markdown [1802:52 - 1814:4]
Clone found (markdown)
 - <repository>\10_学习模块\M04_Agent工作流\M04_Agent工作流_适配教材.md:markdown [47:1 - 62:40] (16 lines, 622 tokens)
   <repository>\10_学习模块\M04_Agent工作流\M04_Agent工作流_适配教材.md:markdown [417:1 - 445:4]
Clone found (markdown)
 - <repository>\10_学习模块\M04_Agent工作流\M04_Agent工作流_适配教材.md:markdown [47:1 - 55:27] (9 lines, 308 tokens)
   <repository>\10_学习模块\M04_Agent工作流\M04_Agent工作流_适配教材.md:markdown [481:1 - 488:4]
Clone found (markdown)
 - <repository>\10_学习模块\M04_Agent工作流\M04_Agent工作流_适配教材.md:markdown [47:1 - 55:27] (9 lines, 308 tokens)
   <repository>\10_学习模块\M04_Agent工作流\M04_Agent工作流_适配教材.md:markdown [548:1 - 558:5]
Clone found (markdown)
 - <repository>\10_学习模块\M04_Agent工作流\M04_Agent工作流_适配教材.md:markdown [47:1 - 58:37] (12 lines, 404 tokens)
   <repository>\10_学习模块\M04_Agent工作流\M04_Agent工作流_适配教材.md:markdown [560:1 - 574:7]
Clone found (markdown)
 - <repository>\10_学习模块\M04_Agent工作流\M04_Agent工作流_适配教材.md:markdown [47:1 - 85:111] (39 lines, 1605 tokens)
   <repository>\10_学习模块\M04_Agent工作流\M04_Agent工作流_适配教材.md:markdown [576:1 - 617:4]
Clone found (markdown)
 - <repository>\10_学习模块\M04_Agent工作流\M04_Agent工作流_适配教材.md:markdown [47:1 - 55:9] (9 lines, 290 tokens)
   <repository>\10_学习模块\M04_Agent工作流\M04_Agent工作流_适配教材.md:markdown [1959:1 - 1972:11]
Clone found (markdown)
 - <repository>\10_学习模块\M04_Agent工作流\M04_Agent工作流_适配教材.md:markdown [51:135 - 260:14] (210 lines, 4795 tokens)
   <repository>\10_学习模块\M04_Agent工作流\M04_Agent工作流_适配教材.md:markdown [834:46 - 965:4]
Clone found (markdown)
 - <repository>\10_学习模块\M04_Agent工作流\M04_Agent工作流_适配教材.md:markdown [51:135 - 65:54] (15 lines, 606 tokens)
   <repository>\10_学习模块\M04_Agent工作流\M04_Agent工作流_适配教材.md:markdown [1292:45 - 1312:2]
Clone found (markdown)
 - <repository>\10_学习模块\M04_Agent工作流\M04_Agent工作流_适配教材.md:markdown [51:135 - 116:15] (66 lines, 1923 tokens)
   <repository>\10_学习模块\M04_Agent工作流\M04_Agent工作流_适配教材.md:markdown [1526:100 - 1581:7]
Clone found (markdown)
 - <repository>\10_学习模块\M04_Agent工作流\M04_Agent工作流_适配教材.md:markdown [51:135 - 64:5] (14 lines, 528 tokens)
   <repository>\10_学习模块\M04_Agent工作流\M04_Agent工作流_适配教材.md:markdown [1725:129 - 1741:4]
Clone found (markdown)
 - <repository>\10_学习模块\M04_Agent工作流\M04_Agent工作流_适配教材.md:markdown [51:135 - 63:26] (13 lines, 479 tokens)
   <repository>\10_学习模块\M04_Agent工作流\M04_Agent工作流_适配教材.md:markdown [1932:99 - 1957:11]
Clone found (markdown)
 - <repository>\10_学习模块\M04_Agent工作流\M04_Agent工作流_适配教材.md:markdown [100:12 - 110:18] (11 lines, 157 tokens)
   <repository>\10_学习模块\M04_Agent工作流\M04_Agent工作流_适配教材.md:markdown [107:12 - 114:4]
Clone found (markdown)
 - <repository>\10_学习模块\M04_Agent工作流\M04_Agent工作流_适配教材.md:markdown [100:22 - 110:13] (11 lines, 148 tokens)
   <repository>\10_学习模块\M04_Agent工作流\M04_Agent工作流_适配教材.md:markdown [726:76 - 733:4]
Clone found (markdown)
 - <repository>\10_学习模块\M04_Agent工作流\M04_Agent工作流_适配教材.md:markdown [993:19 - 1001:13] (9 lines, 122 tokens)
   <repository>\10_学习模块\M04_Agent工作流\M04_Agent工作流_适配教材.md:markdown [1920:5 - 1928:5]
Clone found (markdown)
 - <repository>\10_学习模块\M05_任务队列与调度\教材章节\04_Priority_和业务优先级.md:markdown [236:25 - 245:5] (10 lines, 89 tokens)
   <repository>\10_学习模块\M05_任务队列与调度\教材章节\05_SJF_和平均等待时间.md:markdown [225:28 - 234:5]
Clone found (markdown)
 - <repository>\10_学习模块\M05_任务队列与调度\教材章节\05_SJF_和平均等待时间.md:markdown [270:44 - 278:22] (9 lines, 84 tokens)
   <repository>\10_学习模块\M05_任务队列与调度\教材章节\06_指标_average_P95_P99_utilization.md:markdown [428:23 - 436:25]
Clone found (markdown)
 - <repository>\10_学习模块\M05_任务队列与调度\教材章节\08_Cost-aware_调度.md:markdown [432:26 - 441:7] (10 lines, 112 tokens)
   <repository>\10_学习模块\M05_任务队列与调度\教材章节\09_分组分析_谁被牺牲了.md:markdown [42:42 - 51:19]
┌────────────┬────────────────┬─────────────┬──────────────┬──────────────┬──────────────────┬───────────────────┐
│ Format     │ Files analyzed │ Total lines │ Total tokens │ Clones found │ Duplicated lines │ Duplicated tokens │
├────────────┼────────────────┼─────────────┼──────────────┼──────────────┼──────────────────┼───────────────────┤
│ csv        │ 1              │ 1212        │ 85           │ 0            │ 0 (0.00%)        │ 0 (0.00%)         │
├────────────┼────────────────┼─────────────┼──────────────┼──────────────┼──────────────────┼───────────────────┤
│ json       │ 12             │ 13657       │ 2844         │ 0            │ 0 (0.00%)        │ 0 (0.00%)         │
├────────────┼────────────────┼─────────────┼──────────────┼──────────────┼──────────────────┼───────────────────┤
│ markdown   │ 35             │ 35341       │ 44823        │ 25           │ 562 (1.59%)      │ 16073 (35.86%)    │
├────────────┼────────────────┼─────────────┼──────────────┼──────────────┼──────────────────┼───────────────────┤
│ mermaid    │ 10             │ 10965       │ 1701         │ 0            │ 0 (0.00%)        │ 0 (0.00%)         │
├────────────┼────────────────┼─────────────┼──────────────┼──────────────┼──────────────────┼───────────────────┤
│ powershell │ 5              │ 7701        │ 1720         │ 0            │ 0 (0.00%)        │ 0 (0.00%)         │
├────────────┼────────────────┼─────────────┼──────────────┼──────────────┼──────────────────┼───────────────────┤
│ python     │ 27             │ 24493       │ 18904        │ 0            │ 0 (0.00%)        │ 0 (0.00%)         │
├────────────┼────────────────┼─────────────┼──────────────┼──────────────┼──────────────────┼───────────────────┤
│ sql        │ 1              │ 1599        │ 575          │ 0            │ 0 (0.00%)        │ 0 (0.00%)         │
├────────────┼────────────────┼─────────────┼──────────────┼──────────────┼──────────────────┼───────────────────┤
│ text       │ 34             │ 35188       │ 16672        │ 0            │ 0 (0.00%)        │ 0 (0.00%)         │
├────────────┼────────────────┼─────────────┼──────────────┼──────────────┼──────────────────┼───────────────────┤
│ yaml       │ 7              │ 4784        │ 1069         │ 0            │ 0 (0.00%)        │ 0 (0.00%)         │
├────────────┼────────────────┼─────────────┼──────────────┼──────────────┼──────────────────┼───────────────────┤
│ Total:     │ 132            │ 134940      │ 88393        │ 25           │ 562 (0.42%)      │ 16073 (18.18%)    │
└────────────┴────────────────┴─────────────┴──────────────┴──────────────┴──────────────────┴───────────────────┘
Found 25 clones.
time: 332.114ms
